\BOOKMARK [0][-]{chapter.1}{\376\377\151\202\163\207\213\272\166\204\127\372\147\054\151\202\137\365}{}% 1
\BOOKMARK [1][-]{section.1.1}{\376\377\226\217\147\072\213\325\232\214}{chapter.1}% 2
\BOOKMARK [2][-]{subsection.1.1.1}{\376\377\124\015\213\315}{section.1.1}% 3
\BOOKMARK [2][-]{subsection.1.1.2}{\376\377\226\217\147\072\213\325\232\214}{section.1.1}% 4
\BOOKMARK [1][-]{section.1.2}{\376\377\150\067\147\054\172\172\225\364\116\016\226\217\147\072\116\213\116\366}{chapter.1}% 5
\BOOKMARK [2][-]{subsection.1.2.1}{\376\377\150\067\147\054\172\172\225\364}{section.1.2}% 6
\BOOKMARK [2][-]{subsection.1.2.2}{\376\377\226\217\147\072\116\213\116\366}{section.1.2}% 7
\BOOKMARK [1][-]{section.1.3}{\376\377\116\213\116\366\225\364\166\204\121\163\174\373\123\312\217\320\173\227}{chapter.1}% 8
\BOOKMARK [2][-]{subsection.1.3.1}{\376\377\116\213\116\366\121\163\174\373}{section.1.3}% 9
\BOOKMARK [2][-]{subsection.1.3.2}{\376\377\116\213\116\366\166\204\217\320\173\227\137\213}{section.1.3}% 10
\BOOKMARK [1][-]{section.1.4}{\376\377\230\221\163\207\116\016\151\202\163\207}{chapter.1}% 11
\BOOKMARK [2][-]{subsection.1.4.1}{\376\377\230\221\163\207}{section.1.4}% 12
\BOOKMARK [2][-]{subsection.1.4.2}{\376\377\151\202\163\207}{section.1.4}% 13
\BOOKMARK [1][-]{section.1.5}{\376\377\123\344\121\170\151\202\127\213}{chapter.1}% 14
\BOOKMARK [1][-]{section.1.6}{\376\377\147\141\116\366\151\202\163\207}{chapter.1}% 15
\BOOKMARK [1][-]{section.1.7}{\376\377\116\130\154\325\133\232\164\006}{chapter.1}% 16
\BOOKMARK [1][-]{section.1.8}{\376\377\121\150\151\202\163\207\121\154\137\017}{chapter.1}% 17
\BOOKMARK [2][-]{subsection.1.8.1}{\376\377\133\214\131\007\116\213\116\366\177\244}{section.1.8}% 18
\BOOKMARK [2][-]{subsection.1.8.2}{\376\377\121\150\151\202\163\207\121\154\137\017}{section.1.8}% 19
\BOOKMARK [1][-]{section.1.9}{\376\377\215\035\123\366\145\257\121\154\137\017}{chapter.1}% 20
\BOOKMARK [1][-]{section.1.10}{\376\377\116\213\116\366\162\354\172\313\140\047}{chapter.1}% 21
